<?xml version="1.0" encoding="UTF-8"?>
<testng-results ignored="0" total="1" passed="1" failed="0" skipped="0">
  <reporter-output>
  </reporter-output>
  <suite started-at="2024-01-16T22:01:53 IST" name="Suite" finished-at="2024-01-16T22:02:21 IST" duration-ms="27744">
    <groups>
      <group name="cucumber">
        <method signature="AbstractTestNGCucumberTests.runScenario(io.cucumber.testng.PickleWrapper,io.cucumber.testng.FeatureWrapper)[pri:0, instance:execution.HomePageRunner@35aea049]" name="runScenario" class="io.cucumber.testng.AbstractTestNGCucumberTests"/>
      </group> <!-- cucumber -->
    </groups>
    <test started-at="2024-01-16T22:01:53 IST" name="Test" finished-at="2024-01-16T22:02:21 IST" duration-ms="27744">
      <class name="execution.HomePageRunner">
        <test-method is-config="true" signature="setUpClass()[pri:0, instance:execution.HomePageRunner@35aea049]" started-at="2024-01-16T22:01:53 IST" name="setUpClass" finished-at="2024-01-16T22:01:54 IST" duration-ms="657" status="PASS">
          <reporter-output>
          </reporter-output>
        </test-method> <!-- setUpClass -->
        <test-method signature="runScenario(io.cucumber.testng.PickleWrapper,io.cucumber.testng.FeatureWrapper)[pri:0, instance:execution.HomePageRunner@35aea049]" started-at="2024-01-16T22:01:54 IST" name="runScenario" description="Runs Cucumber Scenarios" data-provider="scenarios" finished-at="2024-01-16T22:02:21 IST" duration-ms="26888" status="PASS">
          <params>
            <param index="0">
              <value>
                <![CDATA["Validate Women module"]]>
              </value>
            </param>
            <param index="1">
              <value>
                <![CDATA["Optional[HomePage]"]]>
              </value>
            </param>
          </params>
          <reporter-output>
          </reporter-output>
        </test-method> <!-- runScenario -->
        <test-method is-config="true" signature="tearDownClass()[pri:0, instance:execution.HomePageRunner@35aea049]" started-at="2024-01-16T22:02:21 IST" name="tearDownClass" finished-at="2024-01-16T22:02:21 IST" duration-ms="68" status="PASS">
          <reporter-output>
          </reporter-output>
        </test-method> <!-- tearDownClass -->
      </class> <!-- execution.HomePageRunner -->
    </test> <!-- Test -->
  </suite> <!-- Suite -->
</testng-results>
